<?xml version="1.0" encoding="UTF-8"?>
<testng-results skipped="0" failed="0" total="7" passed="7">
  <reporter-output>
  </reporter-output>
  <suite name="Default suite" duration-ms="146" started-at="2012-05-05T15:03:33Z" finished-at="2012-05-05T15:03:33Z">
    <groups>
    </groups>
    <test name="Default test" duration-ms="146" started-at="2012-05-05T15:03:33Z" finished-at="2012-05-05T15:03:33Z">
      <class name="org.gdejohn.similitude.ClonerTest">
        <test-method status="PASS" signature="baseCases()[pri:0, instance:org.gdejohn.similitude.ClonerTest@152513a]" name="baseCases" duration-ms="73" started-at="2012-05-05T15:03:33Z" finished-at="2012-05-05T15:03:33Z">
        </test-method> <!-- baseCases -->
        <test-method status="PASS" signature="covariantArrays()[pri:0, instance:org.gdejohn.similitude.ClonerTest@152513a]" name="covariantArrays" duration-ms="30" started-at="2012-05-05T15:03:33Z" finished-at="2012-05-05T15:03:33Z">
        </test-method> <!-- covariantArrays -->
        <test-method status="PASS" signature="enumType()[pri:0, instance:org.gdejohn.similitude.ClonerTest@152513a]" name="enumType" duration-ms="2" started-at="2012-05-05T15:03:33Z" finished-at="2012-05-05T15:03:33Z">
        </test-method> <!-- enumType -->
        <test-method status="PASS" signature="multidimensionalArray()[pri:0, instance:org.gdejohn.similitude.ClonerTest@152513a]" name="multidimensionalArray" duration-ms="4" started-at="2012-05-05T15:03:33Z" finished-at="2012-05-05T15:03:33Z">
        </test-method> <!-- multidimensionalArray -->
        <test-method status="PASS" signature="primitiveArray()[pri:0, instance:org.gdejohn.similitude.ClonerTest@152513a]" name="primitiveArray" duration-ms="2" started-at="2012-05-05T15:03:33Z" finished-at="2012-05-05T15:03:33Z">
        </test-method> <!-- primitiveArray -->
        <test-method status="PASS" signature="selfReferentialArray()[pri:0, instance:org.gdejohn.similitude.ClonerTest@152513a]" name="selfReferentialArray" duration-ms="2" started-at="2012-05-05T15:03:33Z" finished-at="2012-05-05T15:03:33Z">
        </test-method> <!-- selfReferentialArray -->
        <test-method status="PASS" signature="stringBuilder()[pri:0, instance:org.gdejohn.similitude.ClonerTest@152513a]" name="stringBuilder" duration-ms="7" started-at="2012-05-05T15:03:33Z" finished-at="2012-05-05T15:03:33Z">
        </test-method> <!-- stringBuilder -->
      </class> <!-- org.gdejohn.similitude.ClonerTest -->
    </test> <!-- Default test -->
  </suite> <!-- Default suite -->
</testng-results>
